2026-02-05 04:04:20 INFO  o.h.PortfolioManagementSystemApplication - Starting PortfolioManagementSystemApplication using Java 22.0.2 with PID 7380 (C:\Users\Administrator\PortfolioManagementSystem\target\classes started by Administrator in C:\Users\Administrator\PortfolioManagementSystem)
2026-02-05 04:04:20 DEBUG o.h.PortfolioManagementSystemApplication - Running with Spring Boot v3.2.4, Spring v6.1.5
2026-02-05 04:04:20 INFO  o.h.PortfolioManagementSystemApplication - No active profile set, falling back to 1 default profile: "default"
2026-02-05 04:04:21 INFO  o.s.d.r.c.RepositoryConfigurationDelegate - Bootstrapping Spring Data JPA repositories in DEFAULT mode.
2026-02-05 04:04:21 INFO  o.s.d.r.c.RepositoryConfigurationDelegate - Finished Spring Data repository scanning in 83 ms. Found 3 JPA repository interfaces.
2026-02-05 04:04:22 INFO  o.s.b.w.e.tomcat.TomcatWebServer - Tomcat initialized with port 8080 (http)
2026-02-05 04:04:22 INFO  o.a.catalina.core.StandardService - Starting service [Tomcat]
2026-02-05 04:04:22 INFO  o.a.catalina.core.StandardEngine - Starting Servlet engine: [Apache Tomcat/10.1.19]
2026-02-05 04:04:22 INFO  o.a.c.c.C.[Tomcat].[localhost].[/] - Initializing Spring embedded WebApplicationContext
2026-02-05 04:04:22 INFO  o.s.b.w.s.c.ServletWebServerApplicationContext - Root WebApplicationContext: initialization completed in 1929 ms
2026-02-05 04:04:23 INFO  o.h.jpa.internal.util.LogHelper - HHH000204: Processing PersistenceUnitInfo [name: default]
2026-02-05 04:04:23 INFO  org.hibernate.Version - HHH000412: Hibernate ORM core version 6.4.4.Final
2026-02-05 04:04:23 INFO  o.h.c.i.RegionFactoryInitiator - HHH000026: Second-level cache disabled
2026-02-05 04:04:23 INFO  o.s.o.j.p.SpringPersistenceUnitInfo - No LoadTimeWeaver setup: ignoring JPA class transformer
2026-02-05 04:04:23 INFO  com.zaxxer.hikari.HikariDataSource - HikariPool-1 - Starting...
2026-02-05 04:04:24 INFO  com.zaxxer.hikari.pool.HikariPool - HikariPool-1 - Added connection com.mysql.cj.jdbc.ConnectionImpl@6249a08d
2026-02-05 04:04:24 INFO  com.zaxxer.hikari.HikariDataSource - HikariPool-1 - Start completed.
2026-02-05 04:04:25 INFO  o.h.e.t.j.p.i.JtaPlatformInitiator - HHH000489: No JTA platform available (set 'hibernate.transaction.jta.platform' to enable JTA platform integration)
2026-02-05 04:04:25 INFO  o.s.o.j.LocalContainerEntityManagerFactoryBean - Initialized JPA EntityManagerFactory for persistence unit 'default'
2026-02-05 04:04:25 INFO  o.s.d.j.r.query.QueryEnhancerFactory - Hibernate is in classpath; If applicable, HQL parser will be used.
2026-02-05 04:04:26 INFO  o.h.controller.StockDataController - StockDataController initialized
2026-02-05 04:04:27 WARN  o.s.b.a.o.j.JpaBaseConfiguration$JpaWebConfiguration - spring.jpa.open-in-view is enabled by default. Therefore, database queries may be performed during view rendering. Explicitly configure spring.jpa.open-in-view to disable this warning
2026-02-05 04:04:27 INFO  o.s.b.w.e.tomcat.TomcatWebServer - Tomcat started on port 8080 (http) with context path ''
2026-02-05 04:04:27 INFO  o.h.PortfolioManagementSystemApplication - Started PortfolioManagementSystemApplication in 7.558 seconds (process running for 8.09)
2026-02-05 04:28:01 INFO  o.h.PortfolioManagementSystemApplication - Starting PortfolioManagementSystemApplication using Java 22.0.2 with PID 11668 (C:\Users\Administrator\PortfolioManagementSystem\target\classes started by Administrator in C:\Users\Administrator\PortfolioManagementSystem)
2026-02-05 04:28:01 DEBUG o.h.PortfolioManagementSystemApplication - Running with Spring Boot v3.2.4, Spring v6.1.5
2026-02-05 04:28:01 INFO  o.h.PortfolioManagementSystemApplication - No active profile set, falling back to 1 default profile: "default"
2026-02-05 04:28:02 INFO  o.s.d.r.c.RepositoryConfigurationDelegate - Bootstrapping Spring Data JPA repositories in DEFAULT mode.
2026-02-05 04:28:02 INFO  o.s.d.r.c.RepositoryConfigurationDelegate - Finished Spring Data repository scanning in 76 ms. Found 3 JPA repository interfaces.
2026-02-05 04:28:03 INFO  o.s.b.w.e.tomcat.TomcatWebServer - Tomcat initialized with port 8080 (http)
2026-02-05 04:28:03 INFO  o.a.catalina.core.StandardService - Starting service [Tomcat]
2026-02-05 04:28:03 INFO  o.a.catalina.core.StandardEngine - Starting Servlet engine: [Apache Tomcat/10.1.19]
2026-02-05 04:28:03 INFO  o.a.c.c.C.[Tomcat].[localhost].[/] - Initializing Spring embedded WebApplicationContext
2026-02-05 04:28:03 INFO  o.s.b.w.s.c.ServletWebServerApplicationContext - Root WebApplicationContext: initialization completed in 1757 ms
2026-02-05 04:28:03 INFO  o.h.jpa.internal.util.LogHelper - HHH000204: Processing PersistenceUnitInfo [name: default]
2026-02-05 04:28:03 INFO  org.hibernate.Version - HHH000412: Hibernate ORM core version 6.4.4.Final
2026-02-05 04:28:03 INFO  o.h.c.i.RegionFactoryInitiator - HHH000026: Second-level cache disabled
2026-02-05 04:28:04 INFO  o.s.o.j.p.SpringPersistenceUnitInfo - No LoadTimeWeaver setup: ignoring JPA class transformer
2026-02-05 04:28:04 INFO  com.zaxxer.hikari.HikariDataSource - HikariPool-1 - Starting...
2026-02-05 04:28:04 INFO  com.zaxxer.hikari.pool.HikariPool - HikariPool-1 - Added connection com.mysql.cj.jdbc.ConnectionImpl@a1e912f
2026-02-05 04:28:04 INFO  com.zaxxer.hikari.HikariDataSource - HikariPool-1 - Start completed.
2026-02-05 04:28:05 INFO  o.h.e.t.j.p.i.JtaPlatformInitiator - HHH000489: No JTA platform available (set 'hibernate.transaction.jta.platform' to enable JTA platform integration)
2026-02-05 04:28:06 INFO  o.s.o.j.LocalContainerEntityManagerFactoryBean - Initialized JPA EntityManagerFactory for persistence unit 'default'
2026-02-05 04:28:06 INFO  o.s.d.j.r.query.QueryEnhancerFactory - Hibernate is in classpath; If applicable, HQL parser will be used.
2026-02-05 04:28:06 INFO  o.h.controller.StockDataController - StockDataController initialized
2026-02-05 04:28:07 WARN  o.s.b.a.o.j.JpaBaseConfiguration$JpaWebConfiguration - spring.jpa.open-in-view is enabled by default. Therefore, database queries may be performed during view rendering. Explicitly configure spring.jpa.open-in-view to disable this warning
2026-02-05 04:28:07 WARN  o.s.b.w.s.c.AnnotationConfigServletWebServerApplicationContext - Exception encountered during context initialization - cancelling refresh attempt: org.springframework.context.ApplicationContextException: Failed to start bean 'webServerStartStop'
2026-02-05 04:28:07 INFO  o.s.o.j.LocalContainerEntityManagerFactoryBean - Closing JPA EntityManagerFactory for persistence unit 'default'
2026-02-05 04:28:07 INFO  com.zaxxer.hikari.HikariDataSource - HikariPool-1 - Shutdown initiated...
2026-02-05 04:28:07 INFO  com.zaxxer.hikari.HikariDataSource - HikariPool-1 - Shutdown completed.
2026-02-05 04:28:07 INFO  o.s.b.a.l.ConditionEvaluationReportLogger - 

Error starting ApplicationContext. To display the condition evaluation report re-run your application with 'debug' enabled.
2026-02-05 04:28:07 ERROR o.s.b.d.LoggingFailureAnalysisReporter - 

***************************
APPLICATION FAILED TO START
***************************

Description:

Web server failed to start. Port 8080 was already in use.

Action:

Identify and stop the process that's listening on port 8080 or configure this application to listen on another port.

2026-02-05 04:28:58 INFO  o.h.PortfolioManagementSystemApplication - Starting PortfolioManagementSystemApplication using Java 22.0.2 with PID 16728 (C:\Users\Administrator\PortfolioManagementSystem\target\classes started by Administrator in C:\Users\Administrator\PortfolioManagementSystem)
2026-02-05 04:28:58 DEBUG o.h.PortfolioManagementSystemApplication - Running with Spring Boot v3.2.4, Spring v6.1.5
2026-02-05 04:28:58 INFO  o.h.PortfolioManagementSystemApplication - No active profile set, falling back to 1 default profile: "default"
2026-02-05 04:28:59 INFO  o.s.d.r.c.RepositoryConfigurationDelegate - Bootstrapping Spring Data JPA repositories in DEFAULT mode.
2026-02-05 04:28:59 INFO  o.s.d.r.c.RepositoryConfigurationDelegate - Finished Spring Data repository scanning in 68 ms. Found 3 JPA repository interfaces.
2026-02-05 04:29:00 INFO  o.s.b.w.e.tomcat.TomcatWebServer - Tomcat initialized with port 8080 (http)
2026-02-05 04:29:00 INFO  o.a.catalina.core.StandardService - Starting service [Tomcat]
2026-02-05 04:29:00 INFO  o.a.catalina.core.StandardEngine - Starting Servlet engine: [Apache Tomcat/10.1.19]
2026-02-05 04:29:00 INFO  o.a.c.c.C.[Tomcat].[localhost].[/] - Initializing Spring embedded WebApplicationContext
2026-02-05 04:29:00 INFO  o.s.b.w.s.c.ServletWebServerApplicationContext - Root WebApplicationContext: initialization completed in 1837 ms
2026-02-05 04:29:00 INFO  o.h.jpa.internal.util.LogHelper - HHH000204: Processing PersistenceUnitInfo [name: default]
2026-02-05 04:29:00 INFO  org.hibernate.Version - HHH000412: Hibernate ORM core version 6.4.4.Final
2026-02-05 04:29:00 INFO  o.h.c.i.RegionFactoryInitiator - HHH000026: Second-level cache disabled
2026-02-05 04:29:01 INFO  o.s.o.j.p.SpringPersistenceUnitInfo - No LoadTimeWeaver setup: ignoring JPA class transformer
2026-02-05 04:29:01 INFO  com.zaxxer.hikari.HikariDataSource - HikariPool-1 - Starting...
2026-02-05 04:29:01 INFO  com.zaxxer.hikari.pool.HikariPool - HikariPool-1 - Added connection com.mysql.cj.jdbc.ConnectionImpl@12448de1
2026-02-05 04:29:01 INFO  com.zaxxer.hikari.HikariDataSource - HikariPool-1 - Start completed.
2026-02-05 04:29:03 INFO  o.h.e.t.j.p.i.JtaPlatformInitiator - HHH000489: No JTA platform available (set 'hibernate.transaction.jta.platform' to enable JTA platform integration)
2026-02-05 04:29:03 INFO  o.s.o.j.LocalContainerEntityManagerFactoryBean - Initialized JPA EntityManagerFactory for persistence unit 'default'
2026-02-05 04:29:03 INFO  o.s.d.j.r.query.QueryEnhancerFactory - Hibernate is in classpath; If applicable, HQL parser will be used.
2026-02-05 04:29:03 INFO  o.h.controller.StockDataController - StockDataController initialized
2026-02-05 04:29:04 WARN  o.s.b.a.o.j.JpaBaseConfiguration$JpaWebConfiguration - spring.jpa.open-in-view is enabled by default. Therefore, database queries may be performed during view rendering. Explicitly configure spring.jpa.open-in-view to disable this warning
2026-02-05 04:29:04 INFO  o.s.b.w.e.tomcat.TomcatWebServer - Tomcat started on port 8080 (http) with context path ''
2026-02-05 04:29:04 INFO  o.h.PortfolioManagementSystemApplication - Started PortfolioManagementSystemApplication in 6.64 seconds (process running for 7.13)
